0 info it worked if it ends with ok
1 verbose cli [ '/home/admin-m/.nvm/versions/node/v6.9.5/bin/node',
1 verbose cli   '/home/admin-m/.nvm/versions/node/v6.9.5/bin/npm',
1 verbose cli   'test' ]
2 info using npm@3.10.10
3 info using node@v6.9.5
4 verbose config Skipping project config: /home/admin-m/.npmrc. (matches userconfig)
5 verbose stack Error: ENOENT: no such file or directory, open '/home/admin-m/package.json'
5 verbose stack     at Error (native)
6 verbose cwd /home/admin-m/WebstormProjects/PhysicalCompetition
7 error Linux 4.10.0-32-generic
8 error argv "/home/admin-m/.nvm/versions/node/v6.9.5/bin/node" "/home/admin-m/.nvm/versions/node/v6.9.5/bin/npm" "test"
9 error node v6.9.5
10 error npm  v3.10.10
11 error path /home/admin-m/package.json
12 error code ENOENT
13 error errno -2
14 error syscall open
15 error enoent ENOENT: no such file or directory, open '/home/admin-m/package.json'
16 error enoent ENOENT: no such file or directory, open '/home/admin-m/package.json'
16 error enoent This is most likely not a problem with npm itself
16 error enoent and is related to npm not being able to find a file.
17 verbose exit [ -2, true ]
